
ROM used: 1225 (15%)
          1225 (15%) including unused fragments

          2 Average locations per line
          13 Average locations per statement

RAM used: 29 (8%) at main() level
          65 (18%) worst case

Stack used: 10 worst case (out of 2 total available)

Lines Stmts  %   Files
----- ----- ---  -----
   90    32  34  ben.c
  285     0   0  C:\Program Files\PICC\devices\16f877.h
  180    63  66  C:\Program Files\PICC\drivers\lcd.c
----- -----
  555    95 Total

Page ROM  %  RAM   Vol Diff  Functions:
---- --- --- ---   --- ----  ----------
0     21   2   1             @delay_ms1
0      8   1   0             @const65
0     33   3   3   463  4.3  lcd_read_byte
0     12   1   1   134  2.2  lcd_send_nibble
0     27   2   3   317  4.3  lcd_send_byte
 Inline        2   422  4.7  lcd_init
0     18   1   4   186  5.5  lcd_gotoxy
0     37   3   1   272  4.1  lcd_putc
0     27   2   1   120  3.1  timer1_kesme
0     11   1   0   264  3.4  @const92
0    182  15   4   264  3.4  yakala_kesmesi
 Inline        5             @MUL1616
 Inline        4   399  3.2  @DTOF
0    117  10  13             @MULFF
0    202  16  14             @DIVFF
 Inline        5             @FTOSD
0     66   5  13             @DIV3232
0    233  19  13   399  3.2  @PRINTF_L32D_85FPFPF
0    147  12   1   399  3.2  MAIN
0     22   2   0   354  2.8  @const116

Program metrics:
    Functions               13
    Statements              95
    Comments                119
    Volume (V)              6758
    Difficilty (D)          46.9
    Effort to implement (E) 316925
    Time to implement (T)   4 hours, 53 minutes
    Est Delivered Bugs (B)  2
    Cyclomatic Complexity   8
    Maintainability (MI)    56

 Segment     Used  Free
-----------  ----  ----
00000-00003     4  0  
00004-0003D    58  0  
0003E-007FF  1163  823  
00800-00FFF     0  2048  
01000-017FF     0  2048  
01800-01FFF     0  2048  



